2025-09-25 19:40:35,774 - __main__ - INFO - Using device: cpu
2025-09-25 19:40:35,774 - __main__ - INFO - Using device: cpu
2025-09-25 19:40:35,779 - __main__ - INFO - Redis cache connected successfully
2025-09-25 19:41:06,021 - huggingface_hub.file_download - WARNING - Xet Storage is enabled for this repo, but the 'hf_xet' package is not installed. Falling back to regular HTTP download. For better performance, install the package with: `pip install huggingface_hub[hf_xet]` or `pip install hf_xet`
2025-09-25 19:43:50,936 - __main__ - INFO - Using device: cpu
2025-09-25 19:43:50,936 - __main__ - INFO - Using device: cpu
2025-09-25 19:43:50,939 - __main__ - INFO - Redis cache connected successfully
2025-09-25 20:00:47,535 - __main__ - INFO - Using device: cpu
2025-09-25 20:00:47,536 - __main__ - INFO - Using device: cpu
2025-09-25 20:00:47,537 - __main__ - INFO - Redis cache connected successfully
2025-09-25 20:00:55,203 - __main__ - INFO - Attempting TorchScript optimization for BERT...
2025-09-25 20:00:55,806 - __main__ - WARNING - TorchScript optimization failed, using raw model. Reason: Encountering a dict at the output of the tracer might cause the trace to be incorrect, this is only valid if the container structure does not change based on the module's inputs. Consider using a constant container instead (e.g. for `list`, use a `tuple` instead. for `dict`, use a `NamedTuple` instead). If you absolutely need this and know the side effects, pass strict=False to trace() to allow this behavior.
2025-09-25 20:00:55,808 - __main__ - INFO - BERT encoder initialized on cpu
2025-09-25 20:00:55,809 - __main__ - INFO - Using device: cpu
2025-09-25 20:00:55,829 - __main__ - INFO - Redis cache connected successfully
2025-09-25 20:00:55,830 - __main__ - INFO - Redis cache connected successfully
2025-09-25 20:00:55,831 - __main__ - INFO - Redis cache connected successfully
2025-09-25 20:00:55,832 - __main__ - INFO - Redis cache connected successfully
2025-09-25 20:00:55,833 - __main__ - INFO - Medical AI System initialized successfully
2025-09-25 20:00:55,833 - __main__ - INFO - Medical AI system started successfully
2025-09-25 20:05:29,671 - __main__ - INFO - Analysis completed for 3 symptoms
2025-09-25 20:22:21,581 - __main__ - INFO - Analysis completed for 3 symptoms
2025-09-25 21:28:15,693 - __main__ - INFO - Medical AI system shutdown complete
